<?xml version="1.0" encoding="UTF-8"?>
<!-- Generated by org.testng.reporters.JUnitReportReporter -->
<testsuite hostname="LAPTOP-GAKFKHBC" failures="0" tests="4" name="tests.SanityTestParamsGridAutoSetup" time="48.314" errors="1" timestamp="2024-11-25T22:05:32 IST" skipped="0">
  <testcase classname="tests.SanityTestParamsGridAutoSetup" name="test01_count_items" time="1.951"/>
  <system-out/>
  <testcase classname="tests.SanityTestParamsGridAutoSetup" name="test01_count_items" time="1.852"/>
  <system-out/>
  <testcase classname="tests.SanityTestParamsGridAutoSetup" name="stopDocker" time="40.005">
    <error message="Grid not started/teminated" type="java.lang.RuntimeException">
      <![CDATA[java.lang.RuntimeException: Grid not started/teminated
at infra.DockerManager.waitTll(DockerManager.java:73)
at infra.DockerManager.actionDocker(DockerManager.java:42)
at tests.SanityTestParamsGridAutoSetup.stopDocker(SanityTestParamsGridAutoSetup.java:26)
at java.base/jdk.internal.reflect.NativeMethodAccessorImpl.invoke0(Native Method)
at java.base/jdk.internal.reflect.NativeMethodAccessorImpl.invoke(NativeMethodAccessorImpl.java:77)
at java.base/jdk.internal.reflect.DelegatingMethodAccessorImpl.invoke(DelegatingMethodAccessorImpl.java:43)
at java.base/java.lang.reflect.Method.invoke(Method.java:568)
at org.testng.internal.invokers.MethodInvocationHelper.invokeMethod(MethodInvocationHelper.java:139)
at org.testng.internal.invokers.MethodInvocationHelper.invokeMethodConsideringTimeout(MethodInvocationHelper.java:69)
at org.testng.internal.invokers.ConfigInvoker.invokeConfigurationMethod(ConfigInvoker.java:361)
at org.testng.internal.invokers.ConfigInvoker.invokeConfigurations(ConfigInvoker.java:296)
at org.testng.SuiteRunner.privateRun(SuiteRunner.java:404)
at org.testng.SuiteRunner.run(SuiteRunner.java:330)
at org.testng.SuiteRunnerWorker.runSuite(SuiteRunnerWorker.java:52)
at org.testng.SuiteRunnerWorker.run(SuiteRunnerWorker.java:95)
at org.testng.TestNG.runSuitesSequentially(TestNG.java:1256)
at org.testng.TestNG.runSuitesLocally(TestNG.java:1176)
at org.testng.TestNG.runSuites(TestNG.java:1099)
at org.testng.TestNG.run(TestNG.java:1067)
at org.apache.maven.surefire.testng.TestNGExecutor.run(TestNGExecutor.java:308)
at org.apache.maven.surefire.testng.TestNGXmlTestSuite.execute(TestNGXmlTestSuite.java:71)
at org.apache.maven.surefire.testng.TestNGProvider.invoke(TestNGProvider.java:113)
at org.apache.maven.surefire.booter.ForkedBooter.runSuitesInProcess(ForkedBooter.java:385)
at org.apache.maven.surefire.booter.ForkedBooter.execute(ForkedBooter.java:162)
at org.apache.maven.surefire.booter.ForkedBooter.run(ForkedBooter.java:507)
at org.apache.maven.surefire.booter.ForkedBooter.main(ForkedBooter.java:495)
]]>
    </error>
  </testcase> <!-- stopDocker -->
  <system-out/>
  <testcase classname="tests.SanityTestParamsGridAutoSetup" name="test01_count_items" time="4.506"/>
  <system-out/>
</testsuite> <!-- tests.SanityTestParamsGridAutoSetup -->
